reto1_Android/app/build/intermediates/manifest_merge_blame_file/debug/manifest-merger-blame-debug-report.txt
1<?xml version="1.0" encoding="utf-8"?>
2<manifest xmlns:android="http://schemas.android.com/apk/res/android"
3    package="com.example.reto1_android"
4    android:versionCode="1"
5    android:versionName="1.0" >
6
7    <uses-sdk
8        android:minSdkVersion="22"
8-->src\main\AndroidManifest.xml
9        android:targetSdkVersion="29" />
9-->src\main\AndroidManifest.xml
10
11    <uses-permission android:name="android.permission.INTERNET" />
11-->src\main\AndroidManifest.xml:22:5-66
11-->src\main\AndroidManifest.xml:22:22-64
12    <uses-permission android:name="android.permission.ACCESS_NETWORK_STATE" />
12-->src\main\AndroidManifest.xml:23:5-78
12-->src\main\AndroidManifest.xml:23:22-76
13
14    <application
14-->src\main\AndroidManifest.xml:5:5-21:19
15        android:allowBackup="true"
15-->src\main\AndroidManifest.xml:6:9-35
16        android:appComponentFactory="androidx.core.app.CoreComponentFactory"
16-->[androidx.core:core:1.0.1] AndroidManifest.xml:22:18-86
17        android:debuggable="true"
18        android:icon="@drawable/icono"
18-->src\main\AndroidManifest.xml:7:9-39
19        android:label="@string/app_name"
19-->src\main\AndroidManifest.xml:8:9-41
20        android:roundIcon="@drawable/icono"
20-->src\main\AndroidManifest.xml:9:9-44
21        android:supportsRtl="true"
21-->src\main\AndroidManifest.xml:10:9-35
22        android:testOnly="true"
23        android:theme="@style/AppTheme" >
23-->src\main\AndroidManifest.xml:11:9-40
24        <activity android:name="com.example.reto1_android.Activity.RegistroActivity" />
24-->src\main\AndroidManifest.xml:12:9-72
24-->src\main\AndroidManifest.xml:12:19-60
25        <activity android:name="com.example.reto1_android.Activity.PrincipalActivity" />
25-->src\main\AndroidManifest.xml:13:9-64
25-->src\main\AndroidManifest.xml:13:19-61
26        <activity android:name="com.example.reto1_android.Activity.IniciarActivity" >
26-->src\main\AndroidManifest.xml:14:9-20:20
26-->src\main\AndroidManifest.xml:14:19-59
27            <intent-filter>
27-->src\main\AndroidManifest.xml:15:13-19:29
28                <action android:name="android.intent.action.MAIN" />
28-->src\main\AndroidManifest.xml:16:17-69
28-->src\main\AndroidManifest.xml:16:25-66
29
30                <category android:name="android.intent.category.LAUNCHER" />
30-->src\main\AndroidManifest.xml:18:17-77
30-->src\main\AndroidManifest.xml:18:27-74
31            </intent-filter>
32        </activity>
33    </application>
34
35</manifest>